#
# There is insufficient memory for the Java Runtime Environment to continue.
# Native memory allocation (mmap) failed to map 65536 bytes for Failed to commit metaspace.
# Possible reasons:
#   The system is out of physical RAM or swap space
#   The process is running with CompressedOops enabled, and the Java Heap may be blocking the growth of the native heap
# Possible solutions:
#   Reduce memory load on the system
#   Increase physical memory or swap space
#   Check if swap backing store is full
#   Decrease Java heap size (-Xmx/-Xms)
#   Decrease number of Java threads
#   Decrease Java thread stack sizes (-Xss)
#   Set larger code cache with -XX:ReservedCodeCacheSize=
#   JVM is running with Unscaled Compressed Oops mode in which the Java heap is
#     placed in the first 4GB address space. The Java Heap base address is the
#     maximum limit for the native heap growth. Please use -XX:HeapBaseMinAddress
#     to set the Java Heap base and to place the Java Heap above 4GB virtual address.
# This output file may be truncated or incomplete.
#
#  Out of Memory Error (virtualSpaceNode.cpp:110), pid=7028, tid=5528
#
# JRE version: OpenJDK Runtime Environment Temurin-17.0.4+8 (17.0.4+8) (build 17.0.4+8)
# Java VM: OpenJDK 64-Bit Server VM Temurin-17.0.4+8 (17.0.4+8, mixed mode, emulated-client, tiered, compressed oops, compressed class ptrs, g1 gc, windows-amd64)
# No core dump will be written. Minidumps are not enabled by default on client versions of Windows
#

---------------  S U M M A R Y ------------

Command Line: -Dcom.sun.management.jmxremote -Dcom.sun.management.jmxremote.port=55566 -Dcom.sun.management.jmxremote.authenticate=false -Dcom.sun.management.jmxremote.ssl=false -Djava.rmi.server.hostname=localhost -Dspring.jmx.enabled=true -Dspring.application.admin.enabled=true -XX:TieredStopAtLevel=1 -Dspring.boot.project.name=rabbitmq-demo -Dfile.encoding=UTF-8 -XX:+ShowCodeDetailsInExceptionMessages com.rabbit.RabbitmqDemoApplication --spring.output.ansi.enabled=always

Host: Intel(R) Xeon(R) Platinum 8272CL CPU @ 2.60GHz, 2 cores, 7G,  Windows 10 , 64 bit Build 19041 (10.0.19041.1889)
Time: Thu Oct  6 07:44:03 2022 Coordinated Universal Time elapsed time: 2.955826 seconds (0d 0h 0m 2s)

---------------  T H R E A D  ---------------

Current thread (0x0000018374814db0):  JavaThread "main" [_thread_in_vm, id=5528, stack(0x000000397d400000,0x000000397d500000)]

Stack: [0x000000397d400000,0x000000397d500000]
Native frames: (J=compiled Java code, j=interpreted, Vv=VM code, C=native code)
V  [jvm.dll+0x67733a]
V  [jvm.dll+0x8323c4]
V  [jvm.dll+0x833b6e]
V  [jvm.dll+0x8341d3]
V  [jvm.dll+0x2455e5]
V  [jvm.dll+0x82e36b]
V  [jvm.dll+0x61be16]
V  [jvm.dll+0x1c060e]
V  [jvm.dll+0x61e761]
V  [jvm.dll+0x61c7b6]
V  [jvm.dll+0x239c7f]
V  [jvm.dll+0x6265c5]
V  [jvm.dll+0x1ea42b]
V  [jvm.dll+0x1ea965]
V  [jvm.dll+0x1eb39f]
V  [jvm.dll+0x1e0841]
V  [jvm.dll+0x53c8f0]
V  [jvm.dll+0x7ad188]
V  [jvm.dll+0x7ad274]
V  [jvm.dll+0x40ccb5]
V  [jvm.dll+0x412ea8]
C  [java.dll+0x17ec]

Java frames: (J=compiled Java code, j=interpreted, Vv=VM code)
J 1240  java.lang.ClassLoader.defineClass1(Ljava/lang/ClassLoader;Ljava/lang/String;[BIILjava/security/ProtectionDomain;Ljava/lang/String;)Ljava/lang/Class; java.base@17.0.4 (0 bytes) @ 0x0000018379a1bedb [0x0000018379a1be20+0x00000000000000bb]
J 1336 c1 java.lang.ClassLoader.defineClass(Ljava/lang/String;[BIILjava/security/ProtectionDomain;)Ljava/lang/Class; java.base@17.0.4 (43 bytes) @ 0x0000018379a478dc [0x0000018379a477e0+0x00000000000000fc]
J 1266 c1 jdk.internal.loader.BuiltinClassLoader.defineClass(Ljava/lang/String;Ljdk/internal/loader/Resource;)Ljava/lang/Class; java.base@17.0.4 (121 bytes) @ 0x0000018379a29ec4 [0x0000018379a29a20+0x00000000000004a4]
J 1248 c1 jdk.internal.loader.BuiltinClassLoader.findClassOnClassPathOrNull(Ljava/lang/String;)Ljava/lang/Class; java.base@17.0.4 (64 bytes) @ 0x0000018379a2011c [0x0000018379a1fe80+0x000000000000029c]
J 914 c1 jdk.internal.loader.BuiltinClassLoader.loadClassOrNull(Ljava/lang/String;Z)Ljava/lang/Class; java.base@17.0.4 (143 bytes) @ 0x000001837999d0c4 [0x000001837999cc80+0x0000000000000444]
J 1146 c1 jdk.internal.loader.ClassLoaders$AppClassLoader.loadClass(Ljava/lang/String;Z)Ljava/lang/Class; java.base@17.0.4 (40 bytes) @ 0x00000183799f9024 [0x00000183799f8ee0+0x0000000000000144]
J 1142 c1 java.lang.ClassLoader.loadClass(Ljava/lang/String;)Ljava/lang/Class; java.base@17.0.4 (7 bytes) @ 0x00000183799f8164 [0x00000183799f8120+0x0000000000000044]
v  ~StubRoutines::call_stub
j  org.springframework.boot.SpringApplication.createBeanDefinitionLoader(Lorg/springframework/beans/factory/support/BeanDefinitionRegistry;[Ljava/lang/Object;)Lorg/springframework/boot/BeanDefinitionLoader;+0
j  org.springframework.boot.SpringApplication.load(Lorg/springframework/context/ApplicationContext;[Ljava/lang/Object;)V+49
j  org.springframework.boot.SpringApplication.prepareContext(Lorg/springframework/boot/DefaultBootstrapContext;Lorg/springframework/context/ConfigurableApplicationContext;Lorg/springframework/core/env/ConfigurableEnvironment;Lorg/springframework/boot/SpringApplicationRunListeners;Lorg/springframework/boot/ApplicationArguments;Lorg/springframework/boot/Banner;)V+193
j  org.springframework.boot.SpringApplication.run([Ljava/lang/String;)Lorg/springframework/context/ConfigurableApplicationContext;+101
j  org.springframework.boot.SpringApplication.run([Ljava/lang/Class;[Ljava/lang/String;)Lorg/springframework/context/ConfigurableApplicationContext;+9
j  org.springframework.boot.SpringApplication.run(Ljava/lang/Class;[Ljava/lang/String;)Lorg/springframework/context/ConfigurableApplicationContext;+9
j  com.rabbit.RabbitmqDemoApplication.main([Ljava/lang/String;)V+3
v  ~StubRoutines::call_stub

---------------  P R O C E S S  ---------------

Threads class SMR info:
_java_thread_list=0x0000018304fad530, length=20, elements={
0x0000018374814db0, 0x000001837f9503c0, 0x000001837f953b30, 0x000001837f96a620,
0x000001837f96cef0, 0x000001837f96d7b0, 0x000001837f96e070, 0x000001837f9a7000,
0x000001837faef7d0, 0x000001837f8f7df0, 0x000001837fb7f580, 0x000001837fc71120,
0x00000183049d3b70, 0x00000183049d1530, 0x00000183049d1a00, 0x0000018304abc320,
0x0000018304b49f10, 0x000001830496b480, 0x0000018304dd5890, 0x0000018304fbf280
}

Java Threads: ( => current thread )
=>0x0000018374814db0 JavaThread "main" [_thread_in_vm, id=5528, stack(0x000000397d400000,0x000000397d500000)]
  0x000001837f9503c0 JavaThread "Reference Handler" daemon [_thread_blocked, id=9544, stack(0x000000397db00000,0x000000397dc00000)]
  0x000001837f953b30 JavaThread "Finalizer" daemon [_thread_blocked, id=8020, stack(0x000000397dc00000,0x000000397dd00000)]
  0x000001837f96a620 JavaThread "Signal Dispatcher" daemon [_thread_blocked, id=12468, stack(0x000000397dd00000,0x000000397de00000)]
  0x000001837f96cef0 JavaThread "Attach Listener" daemon [_thread_blocked, id=5828, stack(0x000000397de00000,0x000000397df00000)]
  0x000001837f96d7b0 JavaThread "Service Thread" daemon [_thread_blocked, id=9928, stack(0x000000397df00000,0x000000397e000000)]
  0x000001837f96e070 JavaThread "Monitor Deflation Thread" daemon [_thread_blocked, id=9576, stack(0x000000397e000000,0x000000397e100000)]
  0x000001837f9a7000 JavaThread "C1 CompilerThread0" daemon [_thread_blocked, id=3260, stack(0x000000397e100000,0x000000397e200000)]
  0x000001837faef7d0 JavaThread "Sweeper thread" daemon [_thread_blocked, id=9056, stack(0x000000397e200000,0x000000397e300000)]
  0x000001837f8f7df0 JavaThread "Common-Cleaner" daemon [_thread_blocked, id=9808, stack(0x000000397e300000,0x000000397e400000)]
  0x000001837fb7f580 JavaThread "C1 CompilerThread1" daemon [_thread_blocked, id=10584, stack(0x000000397e400000,0x000000397e500000)]
  0x000001837fc71120 JavaThread "Notification Thread" daemon [_thread_blocked, id=3044, stack(0x000000397e500000,0x000000397e600000)]
  0x00000183049d3b70 JavaThread "RMI TCP Accept-0" daemon [_thread_in_native, id=13232, stack(0x000000397e800000,0x000000397e900000)]
  0x00000183049d1530 JavaThread "RMI TCP Accept-55566" daemon [_thread_in_native, id=10404, stack(0x000000397e900000,0x000000397ea00000)]
  0x00000183049d1a00 JavaThread "RMI TCP Accept-0" daemon [_thread_in_native, id=12708, stack(0x000000397ea00000,0x000000397eb00000)]
  0x0000018304abc320 JavaThread "RMI TCP Connection(1)-127.0.0.1" daemon [_thread_in_native, id=12160, stack(0x000000397ec00000,0x000000397ed00000)]
  0x0000018304b49f10 JavaThread "RMI Scheduler(0)" daemon [_thread_blocked, id=8932, stack(0x000000397ed00000,0x000000397ee00000)]
  0x000001830496b480 JavaThread "RMI TCP Connection(2)-127.0.0.1" daemon [_thread_in_native, id=8908, stack(0x000000397ee00000,0x000000397ef00000)]
  0x0000018304dd5890 JavaThread "JMX server connection timeout 20" daemon [_thread_blocked, id=5640, stack(0x000000397ef00000,0x000000397f000000)]
  0x0000018304fbf280 JavaThread "background-preinit" [_thread_in_vm, id=6288, stack(0x000000397f000000,0x000000397f100000)]

Other Threads:
  0x000001837f982610 VMThread "VM Thread" [stack: 0x000000397da00000,0x000000397db00000] [id=3732]
  0x0000018374815b70 WatcherThread [stack: 0x000000397eb00000,0x000000397ec00000] [id=7468]
  0x0000018374872ac0 GCTaskThread "GC Thread#0" [stack: 0x000000397d500000,0x000000397d600000] [id=8948]
  0x000001830493fd30 GCTaskThread "GC Thread#1" [stack: 0x000000397e600000,0x000000397e700000] [id=7808]
  0x0000018374883910 ConcurrentGCThread "G1 Main Marker" [stack: 0x000000397d600000,0x000000397d700000] [id=10752]
  0x0000018374884b10 ConcurrentGCThread "G1 Conc#0" [stack: 0x000000397d700000,0x000000397d800000] [id=6580]
  0x000001837f7d0090 ConcurrentGCThread "G1 Refine#0" [stack: 0x000000397d800000,0x000000397d900000] [id=11440]
  0x000001830496c490 ConcurrentGCThread "G1 Refine#1" [stack: 0x000000397e700000,0x000000397e800000] [id=2556]
  0x000001837f7d12a0 ConcurrentGCThread "G1 Service" [stack: 0x000000397d900000,0x000000397da00000] [id=1988]

Threads with active compile tasks:

VM state: not at safepoint (normal execution)

VM Mutex/Monitor currently owned by a thread:  ([mutex/lock_event])
[0x000001837480f520] Metaspace_lock - owner thread: 0x0000018374814db0

Heap address: 0x0000000080000000, size: 2048 MB, Compressed Oops mode: 32-bit

CDS archive(s) not mapped
Compressed class space mapped at: 0x0000000100000000-0x0000000140000000, reserved size: 1073741824
Narrow klass base: 0x0000000000000000, Narrow klass shift: 3, Narrow klass range: 0x140000000

GC Precious Log:
 CPUs: 2 total, 2 available
 Memory: 8190M
 Large Page Support: Disabled
 NUMA Support: Disabled
 Compressed Oops: Enabled (32-bit)
 Heap Region Size: 1M
 Heap Min Capacity: 8M
 Heap Initial Capacity: 128M
 Heap Max Capacity: 2G
 Pre-touch: Disabled
 Parallel Workers: 2
 Concurrent Workers: 1
 Concurrent Refinement Workers: 2
 Periodic GC: Disabled

Heap:
 garbage-first heap   total 131072K, used 23882K [0x0000000080000000, 0x0000000100000000)
  region size 1024K, 21 young (21504K), 1 survivors (1024K)
 Metaspace       used 21258K, committed 21440K, reserved 1073152K
  class space    used 2455K, committed 2560K, reserved 1048576K

Heap Regions: E=young(eden), S=young(survivor), O=old, HS=humongous(starts), HC=humongous(continues), CS=collection set, F=free, OA=open archive, CA=closed archive, TAMS=top-at-mark-start (previous, next)
|   0|0x0000000080000000, 0x0000000080100000, 0x0000000080100000|100%| O|  |TAMS 0x0000000080000000, 0x0000000080000000| Untracked 
|   1|0x0000000080100000, 0x0000000080200000, 0x0000000080200000|100%| O|  |TAMS 0x0000000080100000, 0x0000000080100000| Untracked 
|   2|0x0000000080200000, 0x0000000080300000, 0x0000000080300000|100%| O|  |TAMS 0x0000000080200000, 0x0000000080200000| Untracked 
|   3|0x0000000080300000, 0x0000000080400000, 0x0000000080400000|100%| O|  |TAMS 0x0000000080300000, 0x0000000080300000| Untracked 
|   4|0x0000000080400000, 0x000000008049b600, 0x0000000080500000| 60%| O|  |TAMS 0x0000000080400000, 0x0000000080400000| Untracked 
|   5|0x0000000080500000, 0x0000000080500000, 0x0000000080600000|  0%| F|  |TAMS 0x0000000080500000, 0x0000000080500000| Untracked 
|   6|0x0000000080600000, 0x0000000080600000, 0x0000000080700000|  0%| F|  |TAMS 0x0000000080600000, 0x0000000080600000| Untracked 
|   7|0x0000000080700000, 0x0000000080700000, 0x0000000080800000|  0%| F|  |TAMS 0x0000000080700000, 0x0000000080700000| Untracked 
|   8|0x0000000080800000, 0x0000000080800000, 0x0000000080900000|  0%| F|  |TAMS 0x0000000080800000, 0x0000000080800000| Untracked 
|   9|0x0000000080900000, 0x0000000080900000, 0x0000000080a00000|  0%| F|  |TAMS 0x0000000080900000, 0x0000000080900000| Untracked 
|  10|0x0000000080a00000, 0x0000000080a00000, 0x0000000080b00000|  0%| F|  |TAMS 0x0000000080a00000, 0x0000000080a00000| Untracked 
|  11|0x0000000080b00000, 0x0000000080b00000, 0x0000000080c00000|  0%| F|  |TAMS 0x0000000080b00000, 0x0000000080b00000| Untracked 
|  12|0x0000000080c00000, 0x0000000080c00000, 0x0000000080d00000|  0%| F|  |TAMS 0x0000000080c00000, 0x0000000080c00000| Untracked 
|  13|0x0000000080d00000, 0x0000000080d00000, 0x0000000080e00000|  0%| F|  |TAMS 0x0000000080d00000, 0x0000000080d00000| Untracked 
|  14|0x0000000080e00000, 0x0000000080e00000, 0x0000000080f00000|  0%| F|  |TAMS 0x0000000080e00000, 0x0000000080e00000| Untracked 
|  15|0x0000000080f00000, 0x0000000080f00000, 0x0000000081000000|  0%| F|  |TAMS 0x0000000080f00000, 0x0000000080f00000| Untracked 
|  16|0x0000000081000000, 0x0000000081000000, 0x0000000081100000|  0%| F|  |TAMS 0x0000000081000000, 0x0000000081000000| Untracked 
|  17|0x0000000081100000, 0x0000000081100000, 0x0000000081200000|  0%| F|  |TAMS 0x0000000081100000, 0x0000000081100000| Untracked 
|  18|0x0000000081200000, 0x0000000081200000, 0x0000000081300000|  0%| F|  |TAMS 0x0000000081200000, 0x0000000081200000| Untracked 
|  19|0x0000000081300000, 0x0000000081300000, 0x0000000081400000|  0%| F|  |TAMS 0x0000000081300000, 0x0000000081300000| Untracked 
|  20|0x0000000081400000, 0x0000000081400000, 0x0000000081500000|  0%| F|  |TAMS 0x0000000081400000, 0x0000000081400000| Untracked 
|  21|0x0000000081500000, 0x0000000081500000, 0x0000000081600000|  0%| F|  |TAMS 0x0000000081500000, 0x0000000081500000| Untracked 
|  22|0x0000000081600000, 0x0000000081600000, 0x0000000081700000|  0%| F|  |TAMS 0x0000000081600000, 0x0000000081600000| Untracked 
|  23|0x0000000081700000, 0x0000000081700000, 0x0000000081800000|  0%| F|  |TAMS 0x0000000081700000, 0x0000000081700000| Untracked 
|  24|0x0000000081800000, 0x0000000081800000, 0x0000000081900000|  0%| F|  |TAMS 0x0000000081800000, 0x0000000081800000| Untracked 
|  25|0x0000000081900000, 0x0000000081900000, 0x0000000081a00000|  0%| F|  |TAMS 0x0000000081900000, 0x0000000081900000| Untracked 
|  26|0x0000000081a00000, 0x0000000081a00000, 0x0000000081b00000|  0%| F|  |TAMS 0x0000000081a00000, 0x0000000081a00000| Untracked 
|  27|0x0000000081b00000, 0x0000000081b00000, 0x0000000081c00000|  0%| F|  |TAMS 0x0000000081b00000, 0x0000000081b00000| Untracked 
|  28|0x0000000081c00000, 0x0000000081c00000, 0x0000000081d00000|  0%| F|  |TAMS 0x0000000081c00000, 0x0000000081c00000| Untracked 
|  29|0x0000000081d00000, 0x0000000081d00000, 0x0000000081e00000|  0%| F|  |TAMS 0x0000000081d00000, 0x0000000081d00000| Untracked 
|  30|0x0000000081e00000, 0x0000000081e00000, 0x0000000081f00000|  0%| F|  |TAMS 0x0000000081e00000, 0x0000000081e00000| Untracked 
|  31|0x0000000081f00000, 0x0000000081f00000, 0x0000000082000000|  0%| F|  |TAMS 0x0000000081f00000, 0x0000000081f00000| Untracked 
|  32|0x0000000082000000, 0x0000000082000000, 0x0000000082100000|  0%| F|  |TAMS 0x0000000082000000, 0x0000000082000000| Untracked 
|  33|0x0000000082100000, 0x0000000082100000, 0x0000000082200000|  0%| F|  |TAMS 0x0000000082100000, 0x0000000082100000| Untracked 
|  34|0x0000000082200000, 0x0000000082200000, 0x0000000082300000|  0%| F|  |TAMS 0x0000000082200000, 0x0000000082200000| Untracked 
|  35|0x0000000082300000, 0x0000000082300000, 0x0000000082400000|  0%| F|  |TAMS 0x0000000082300000, 0x0000000082300000| Untracked 
|  36|0x0000000082400000, 0x0000000082400000, 0x0000000082500000|  0%| F|  |TAMS 0x0000000082400000, 0x0000000082400000| Untracked 
|  37|0x0000000082500000, 0x0000000082500000, 0x0000000082600000|  0%| F|  |TAMS 0x0000000082500000, 0x0000000082500000| Untracked 
|  38|0x0000000082600000, 0x0000000082600000, 0x0000000082700000|  0%| F|  |TAMS 0x0000000082600000, 0x0000000082600000| Untracked 
|  39|0x0000000082700000, 0x0000000082700000, 0x0000000082800000|  0%| F|  |TAMS 0x0000000082700000, 0x0000000082700000| Untracked 
|  40|0x0000000082800000, 0x0000000082800000, 0x0000000082900000|  0%| F|  |TAMS 0x0000000082800000, 0x0000000082800000| Untracked 
|  41|0x0000000082900000, 0x0000000082900000, 0x0000000082a00000|  0%| F|  |TAMS 0x0000000082900000, 0x0000000082900000| Untracked 
|  42|0x0000000082a00000, 0x0000000082a00000, 0x0000000082b00000|  0%| F|  |TAMS 0x0000000082a00000, 0x0000000082a00000| Untracked 
|  43|0x0000000082b00000, 0x0000000082b00000, 0x0000000082c00000|  0%| F|  |TAMS 0x0000000082b00000, 0x0000000082b00000| Untracked 
|  44|0x0000000082c00000, 0x0000000082c00000, 0x0000000082d00000|  0%| F|  |TAMS 0x0000000082c00000, 0x0000000082c00000| Untracked 
|  45|0x0000000082d00000, 0x0000000082d00000, 0x0000000082e00000|  0%| F|  |TAMS 0x0000000082d00000, 0x0000000082d00000| Untracked 
|  46|0x0000000082e00000, 0x0000000082e00000, 0x0000000082f00000|  0%| F|  |TAMS 0x0000000082e00000, 0x0000000082e00000| Untracked 
|  47|0x0000000082f00000, 0x0000000082f00000, 0x0000000083000000|  0%| F|  |TAMS 0x0000000082f00000, 0x0000000082f00000| Untracked 
|  48|0x0000000083000000, 0x0000000083000000, 0x0000000083100000|  0%| F|  |TAMS 0x0000000083000000, 0x0000000083000000| Untracked 
|  49|0x0000000083100000, 0x0000000083100000, 0x0000000083200000|  0%| F|  |TAMS 0x0000000083100000, 0x0000000083100000| Untracked 
|  50|0x0000000083200000, 0x0000000083200000, 0x0000000083300000|  0%| F|  |TAMS 0x0000000083200000, 0x0000000083200000| Untracked 
|  51|0x0000000083300000, 0x0000000083300000, 0x0000000083400000|  0%| F|  |TAMS 0x0000000083300000, 0x0000000083300000| Untracked 
|  52|0x0000000083400000, 0x0000000083400000, 0x0000000083500000|  0%| F|  |TAMS 0x0000000083400000, 0x0000000083400000| Untracked 
|  53|0x0000000083500000, 0x0000000083500000, 0x0000000083600000|  0%| F|  |TAMS 0x0000000083500000, 0x0000000083500000| Untracked 
|  54|0x0000000083600000, 0x0000000083600000, 0x0000000083700000|  0%| F|  |TAMS 0x0000000083600000, 0x0000000083600000| Untracked 
|  55|0x0000000083700000, 0x0000000083700000, 0x0000000083800000|  0%| F|  |TAMS 0x0000000083700000, 0x0000000083700000| Untracked 
|  56|0x0000000083800000, 0x0000000083800000, 0x0000000083900000|  0%| F|  |TAMS 0x0000000083800000, 0x0000000083800000| Untracked 
|  57|0x0000000083900000, 0x0000000083900000, 0x0000000083a00000|  0%| F|  |TAMS 0x0000000083900000, 0x0000000083900000| Untracked 
|  58|0x0000000083a00000, 0x0000000083a00000, 0x0000000083b00000|  0%| F|  |TAMS 0x0000000083a00000, 0x0000000083a00000| Untracked 
|  59|0x0000000083b00000, 0x0000000083b00000, 0x0000000083c00000|  0%| F|  |TAMS 0x0000000083b00000, 0x0000000083b00000| Untracked 
|  60|0x0000000083c00000, 0x0000000083c00000, 0x0000000083d00000|  0%| F|  |TAMS 0x0000000083c00000, 0x0000000083c00000| Untracked 
|  61|0x0000000083d00000, 0x0000000083d00000, 0x0000000083e00000|  0%| F|  |TAMS 0x0000000083d00000, 0x0000000083d00000| Untracked 
|  62|0x0000000083e00000, 0x0000000083e00000, 0x0000000083f00000|  0%| F|  |TAMS 0x0000000083e00000, 0x0000000083e00000| Untracked 
|  63|0x0000000083f00000, 0x0000000083f00000, 0x0000000084000000|  0%| F|  |TAMS 0x0000000083f00000, 0x0000000083f00000| Untracked 
|  64|0x0000000084000000, 0x0000000084000000, 0x0000000084100000|  0%| F|  |TAMS 0x0000000084000000, 0x0000000084000000| Untracked 
|  65|0x0000000084100000, 0x0000000084100000, 0x0000000084200000|  0%| F|  |TAMS 0x0000000084100000, 0x0000000084100000| Untracked 
|  66|0x0000000084200000, 0x0000000084200000, 0x0000000084300000|  0%| F|  |TAMS 0x0000000084200000, 0x0000000084200000| Untracked 
|  67|0x0000000084300000, 0x0000000084300000, 0x0000000084400000|  0%| F|  |TAMS 0x0000000084300000, 0x0000000084300000| Untracked 
|  68|0x0000000084400000, 0x0000000084400000, 0x0000000084500000|  0%| F|  |TAMS 0x0000000084400000, 0x0000000084400000| Untracked 
|  69|0x0000000084500000, 0x0000000084500000, 0x0000000084600000|  0%| F|  |TAMS 0x0000000084500000, 0x0000000084500000| Untracked 
|  70|0x0000000084600000, 0x0000000084600000, 0x0000000084700000|  0%| F|  |TAMS 0x0000000084600000, 0x0000000084600000| Untracked 
|  71|0x0000000084700000, 0x0000000084700000, 0x0000000084800000|  0%| F|  |TAMS 0x0000000084700000, 0x0000000084700000| Untracked 
|  72|0x0000000084800000, 0x0000000084800000, 0x0000000084900000|  0%| F|  |TAMS 0x0000000084800000, 0x0000000084800000| Untracked 
|  73|0x0000000084900000, 0x0000000084900000, 0x0000000084a00000|  0%| F|  |TAMS 0x0000000084900000, 0x0000000084900000| Untracked 
|  74|0x0000000084a00000, 0x0000000084a00000, 0x0000000084b00000|  0%| F|  |TAMS 0x0000000084a00000, 0x0000000084a00000| Untracked 
|  75|0x0000000084b00000, 0x0000000084b00000, 0x0000000084c00000|  0%| F|  |TAMS 0x0000000084b00000, 0x0000000084b00000| Untracked 
|  76|0x0000000084c00000, 0x0000000084c00000, 0x0000000084d00000|  0%| F|  |TAMS 0x0000000084c00000, 0x0000000084c00000| Untracked 
|  77|0x0000000084d00000, 0x0000000084d00000, 0x0000000084e00000|  0%| F|  |TAMS 0x0000000084d00000, 0x0000000084d00000| Untracked 
|  78|0x0000000084e00000, 0x0000000084e00000, 0x0000000084f00000|  0%| F|  |TAMS 0x0000000084e00000, 0x0000000084e00000| Untracked 
|  79|0x0000000084f00000, 0x0000000084f00000, 0x0000000085000000|  0%| F|  |TAMS 0x0000000084f00000, 0x0000000084f00000| Untracked 
|  80|0x0000000085000000, 0x0000000085000000, 0x0000000085100000|  0%| F|  |TAMS 0x0000000085000000, 0x0000000085000000| Untracked 
|  81|0x0000000085100000, 0x0000000085100000, 0x0000000085200000|  0%| F|  |TAMS 0x0000000085100000, 0x0000000085100000| Untracked 
|  82|0x0000000085200000, 0x0000000085200000, 0x0000000085300000|  0%| F|  |TAMS 0x0000000085200000, 0x0000000085200000| Untracked 
|  83|0x0000000085300000, 0x0000000085300000, 0x0000000085400000|  0%| F|  |TAMS 0x0000000085300000, 0x0000000085300000| Untracked 
|  84|0x0000000085400000, 0x0000000085400000, 0x0000000085500000|  0%| F|  |TAMS 0x0000000085400000, 0x0000000085400000| Untracked 
|  85|0x0000000085500000, 0x0000000085500000, 0x0000000085600000|  0%| F|  |TAMS 0x0000000085500000, 0x0000000085500000| Untracked 
|  86|0x0000000085600000, 0x0000000085600000, 0x0000000085700000|  0%| F|  |TAMS 0x0000000085600000, 0x0000000085600000| Untracked 
|  87|0x0000000085700000, 0x0000000085700000, 0x0000000085800000|  0%| F|  |TAMS 0x0000000085700000, 0x0000000085700000| Untracked 
|  88|0x0000000085800000, 0x0000000085800000, 0x0000000085900000|  0%| F|  |TAMS 0x0000000085800000, 0x0000000085800000| Untracked 
|  89|0x0000000085900000, 0x0000000085900000, 0x0000000085a00000|  0%| F|  |TAMS 0x0000000085900000, 0x0000000085900000| Untracked 
|  90|0x0000000085a00000, 0x0000000085a00000, 0x0000000085b00000|  0%| F|  |TAMS 0x0000000085a00000, 0x0000000085a00000| Untracked 
|  91|0x0000000085b00000, 0x0000000085b00000, 0x0000000085c00000|  0%| F|  |TAMS 0x0000000085b00000, 0x0000000085b00000| Untracked 
|  92|0x0000000085c00000, 0x0000000085c00000, 0x0000000085d00000|  0%| F|  |TAMS 0x0000000085c00000, 0x0000000085c00000| Untracked 
|  93|0x0000000085d00000, 0x0000000085d00000, 0x0000000085e00000|  0%| F|  |TAMS 0x0000000085d00000, 0x0000000085d00000| Untracked 
|  94|0x0000000085e00000, 0x0000000085e00000, 0x0000000085f00000|  0%| F|  |TAMS 0x0000000085e00000, 0x0000000085e00000| Untracked 
|  95|0x0000000085f00000, 0x0000000085f00000, 0x0000000086000000|  0%| F|  |TAMS 0x0000000085f00000, 0x0000000085f00000| Untracked 
|  96|0x0000000086000000, 0x0000000086000000, 0x0000000086100000|  0%| F|  |TAMS 0x0000000086000000, 0x0000000086000000| Untracked 
|  97|0x0000000086100000, 0x0000000086100000, 0x0000000086200000|  0%| F|  |TAMS 0x0000000086100000, 0x0000000086100000| Untracked 
|  98|0x0000000086200000, 0x0000000086200000, 0x0000000086300000|  0%| F|  |TAMS 0x0000000086200000, 0x0000000086200000| Untracked 
|  99|0x0000000086300000, 0x0000000086300000, 0x0000000086400000|  0%| F|  |TAMS 0x0000000086300000, 0x0000000086300000| Untracked 
| 100|0x0000000086400000, 0x0000000086400000, 0x0000000086500000|  0%| F|  |TAMS 0x0000000086400000, 0x0000000086400000| Untracked 
| 101|0x0000000086500000, 0x0000000086500000, 0x0000000086600000|  0%| F|  |TAMS 0x0000000086500000, 0x0000000086500000| Untracked 
| 102|0x0000000086600000, 0x0000000086600000, 0x0000000086700000|  0%| F|  |TAMS 0x0000000086600000, 0x0000000086600000| Untracked 
| 103|0x0000000086700000, 0x0000000086700000, 0x0000000086800000|  0%| F|  |TAMS 0x0000000086700000, 0x0000000086700000| Untracked 
| 104|0x0000000086800000, 0x0000000086800000, 0x0000000086900000|  0%| F|  |TAMS 0x0000000086800000, 0x0000000086800000| Untracked 
| 105|0x0000000086900000, 0x0000000086900000, 0x0000000086a00000|  0%| F|  |TAMS 0x0000000086900000, 0x0000000086900000| Untracked 
| 106|0x0000000086a00000, 0x0000000086a00000, 0x0000000086b00000|  0%| F|  |TAMS 0x0000000086a00000, 0x0000000086a00000| Untracked 
| 107|0x0000000086b00000, 0x0000000086bc1370, 0x0000000086c00000| 75%| E|  |TAMS 0x0000000086b00000, 0x0000000086b00000| Complete 
| 108|0x0000000086c00000, 0x0000000086d00000, 0x0000000086d00000|100%| E|  |TAMS 0x0000000086c00000, 0x0000000086c00000| Complete 
| 109|0x0000000086d00000, 0x0000000086e00000, 0x0000000086e00000|100%| E|CS|TAMS 0x0000000086d00000, 0x0000000086d00000| Complete 
| 110|0x0000000086e00000, 0x0000000086f00000, 0x0000000086f00000|100%| E|CS|TAMS 0x0000000086e00000, 0x0000000086e00000| Complete 
| 111|0x0000000086f00000, 0x0000000087000000, 0x0000000087000000|100%| E|CS|TAMS 0x0000000086f00000, 0x0000000086f00000| Complete 
| 112|0x0000000087000000, 0x0000000087100000, 0x0000000087100000|100%| E|CS|TAMS 0x0000000087000000, 0x0000000087000000| Complete 
| 113|0x0000000087100000, 0x0000000087200000, 0x0000000087200000|100%| E|CS|TAMS 0x0000000087100000, 0x0000000087100000| Complete 
| 114|0x0000000087200000, 0x0000000087300000, 0x0000000087300000|100%| E|CS|TAMS 0x0000000087200000, 0x0000000087200000| Complete 
| 115|0x0000000087300000, 0x0000000087400000, 0x0000000087400000|100%| E|CS|TAMS 0x0000000087300000, 0x0000000087300000| Complete 
| 116|0x0000000087400000, 0x0000000087500000, 0x0000000087500000|100%| E|CS|TAMS 0x0000000087400000, 0x0000000087400000| Complete 
| 117|0x0000000087500000, 0x0000000087600000, 0x0000000087600000|100%| E|CS|TAMS 0x0000000087500000, 0x0000000087500000| Complete 
| 118|0x0000000087600000, 0x0000000087700000, 0x0000000087700000|100%| E|CS|TAMS 0x0000000087600000, 0x0000000087600000| Complete 
| 119|0x0000000087700000, 0x00000000877b7540, 0x0000000087800000| 71%| S|CS|TAMS 0x0000000087700000, 0x0000000087700000| Complete 
| 120|0x0000000087800000, 0x0000000087900000, 0x0000000087900000|100%| E|CS|TAMS 0x0000000087800000, 0x0000000087800000| Complete 
| 121|0x0000000087900000, 0x0000000087a00000, 0x0000000087a00000|100%| E|CS|TAMS 0x0000000087900000, 0x0000000087900000| Complete 
| 122|0x0000000087a00000, 0x0000000087b00000, 0x0000000087b00000|100%| E|CS|TAMS 0x0000000087a00000, 0x0000000087a00000| Complete 
| 123|0x0000000087b00000, 0x0000000087c00000, 0x0000000087c00000|100%| E|CS|TAMS 0x0000000087b00000, 0x0000000087b00000| Complete 
| 124|0x0000000087c00000, 0x0000000087d00000, 0x0000000087d00000|100%| E|CS|TAMS 0x0000000087c00000, 0x0000000087c00000| Complete 
| 125|0x0000000087d00000, 0x0000000087e00000, 0x0000000087e00000|100%| E|CS|TAMS 0x0000000087d00000, 0x0000000087d00000| Complete 
| 126|0x0000000087e00000, 0x0000000087f00000, 0x0000000087f00000|100%| E|CS|TAMS 0x0000000087e00000, 0x0000000087e00000| Complete 
| 127|0x0000000087f00000, 0x0000000088000000, 0x0000000088000000|100%| E|CS|TAMS 0x0000000087f00000, 0x0000000087f00000| Complete 

Card table byte_map: [0x000001837cd50000,0x000001837d150000] _byte_map_base: 0x000001837c950000

Marking Bits (Prev, Next): (CMBitMap*) 0x0000018374872fe0, (CMBitMap*) 0x0000018374873020
 Prev Bits: [0x000001837d550000, 0x000001837f550000)
 Next Bits: [0x0000018300000000, 0x0000018302000000)

Polling page: 0x0000018374690000

Metaspace:

Usage:
  Non-class:     18.36 MB used.
      Class:      2.40 MB used.
       Both:     20.76 MB used.

Virtual space:
  Non-class space:       24.00 MB reserved,      18.44 MB ( 77%) committed,  3 nodes.
      Class space:        1.00 GB reserved,       2.50 MB ( <1%) committed,  1 nodes.
             Both:        1.02 GB reserved,      20.94 MB (  2%) committed. 

Chunk freelists:
   Non-Class:  1.30 MB
       Class:  1.47 MB
        Both:  2.77 MB

MaxMetaspaceSize: unlimited
CompressedClassSpaceSize: 1.00 GB
Initial GC threshold: 21.00 MB
Current GC threshold: 21.00 MB
CDS: off
MetaspaceReclaimPolicy: balanced
 - commit_granule_bytes: 65536.
 - commit_granule_words: 8192.
 - virtual_space_node_default_size: 1048576.
 - enlarge_chunks_in_place: 1.
 - new_chunks_are_fully_committed: 0.
 - uncommit_free_chunks: 1.
 - use_allocation_guard: 0.
 - handle_deallocations: 1.


Internal statistics:

num_allocs_failed_limit: 0.
num_arena_births: 254.
num_arena_deaths: 0.
num_vsnodes_births: 4.
num_vsnodes_deaths: 0.
num_space_committed: 335.
num_space_uncommitted: 0.
num_chunks_returned_to_freelist: 0.
num_chunks_taken_from_freelist: 612.
num_chunk_merges: 0.
num_chunk_splits: 382.
num_chunks_enlarged: 257.
num_purges: 0.
num_inconsistent_stats: 0.

CodeCache: size=49152Kb used=4499Kb max_used=4499Kb free=44653Kb
 bounds [0x00000183796c0000, 0x0000018379b30000, 0x000001837c6c0000]
 total_blobs=2359 nmethods=1893 adapters=392
 compilation: enabled
              stopped_count=0, restarted_count=0
 full_count=0

Compilation events (20 events):
Event: 2.925 Thread 0x000001837f9a7000 1884       1       ch.qos.logback.classic.Logger::getChildByName (68 bytes)
Event: 2.925 Thread 0x000001837f9a7000 nmethod 1884 0x0000018379b21510 code [0x0000018379b216e0, 0x0000018379b21928]
Event: 2.929 Thread 0x000001837fb7f580 1885       1       java.lang.ClassLoader::getUnnamedModule (5 bytes)
Event: 2.929 Thread 0x000001837fb7f580 nmethod 1885 0x0000018379b21a90 code [0x0000018379b21c20, 0x0000018379b21cf8]
Event: 2.936 Thread 0x000001837f9a7000 1886       1       java.util.Collections$UnmodifiableCollection::<init> (22 bytes)
Event: 2.936 Thread 0x000001837f9a7000 nmethod 1886 0x0000018379b21d90 code [0x0000018379b21f20, 0x0000018379b220c8]
Event: 2.937 Thread 0x000001837fb7f580 1887       1       sun.reflect.generics.repository.AbstractRepository::getFactory (5 bytes)
Event: 2.937 Thread 0x000001837fb7f580 nmethod 1887 0x0000018379b22190 code [0x0000018379b22320, 0x0000018379b223f8]
Event: 2.939 Thread 0x000001837f9a7000 1888       1       java.util.LinkedHashMap::newNode (23 bytes)
Event: 2.940 Thread 0x000001837f9a7000 nmethod 1888 0x0000018379b22490 code [0x0000018379b22640, 0x0000018379b22a38]
Event: 2.940 Thread 0x000001837fb7f580 1889       1       java.util.LinkedHashMap::afterNodeInsertion (40 bytes)
Event: 2.940 Thread 0x000001837fb7f580 nmethod 1889 0x0000018379b22b10 code [0x0000018379b22cc0, 0x0000018379b22e88]
Event: 2.940 Thread 0x000001837f9a7000 1890       1       org.springframework.core.ResolvableType::resolveType (151 bytes)
Event: 2.941 Thread 0x000001837f9a7000 nmethod 1890 0x0000018379b22f90 code [0x0000018379b23260, 0x0000018379b23e08]
Event: 2.943 Thread 0x000001837fb7f580 1891       1       java.lang.reflect.Constructor::getRoot (5 bytes)
Event: 2.943 Thread 0x000001837fb7f580 nmethod 1891 0x0000018379b24290 code [0x0000018379b24420, 0x0000018379b244f8]
Event: 2.945 Thread 0x000001837f9a7000 1892       1       jdk.internal.misc.VM::initLevel (4 bytes)
Event: 2.945 Thread 0x000001837f9a7000 nmethod 1892 0x0000018379b24590 code [0x0000018379b24720, 0x0000018379b247d8]
Event: 2.948 Thread 0x000001837f9a7000 1893       1       java.util.zip.ZipUtils::get16 (21 bytes)
Event: 2.948 Thread 0x000001837f9a7000 nmethod 1893 0x0000018379b24890 code [0x0000018379b24a20, 0x0000018379b24b18]

GC Heap History (6 events):
Event: 0.778 GC heap before
{Heap before GC invocations=0 (full 0):
 garbage-first heap   total 131072K, used 5120K [0x0000000080000000, 0x0000000100000000)
  region size 1024K, 6 young (6144K), 0 survivors (0K)
 Metaspace       used 9265K, committed 9408K, reserved 1064960K
  class space    used 897K, committed 960K, reserved 1048576K
}
Event: 0.790 GC heap after
{Heap after GC invocations=1 (full 0):
 garbage-first heap   total 131072K, used 3160K [0x0000000080000000, 0x0000000100000000)
  region size 1024K, 1 young (1024K), 1 survivors (1024K)
 Metaspace       used 9265K, committed 9408K, reserved 1064960K
  class space    used 897K, committed 960K, reserved 1048576K
}
Event: 1.314 GC heap before
{Heap before GC invocations=1 (full 0):
 garbage-first heap   total 131072K, used 8280K [0x0000000080000000, 0x0000000100000000)
  region size 1024K, 6 young (6144K), 1 survivors (1024K)
 Metaspace       used 13706K, committed 13824K, reserved 1064960K
  class space    used 1392K, committed 1472K, reserved 1048576K
}
Event: 1.320 GC heap after
{Heap after GC invocations=2 (full 0):
 garbage-first heap   total 131072K, used 4647K [0x0000000080000000, 0x0000000100000000)
  region size 1024K, 1 young (1024K), 1 survivors (1024K)
 Metaspace       used 13706K, committed 13824K, reserved 1064960K
  class space    used 1392K, committed 1472K, reserved 1048576K
}
Event: 1.610 GC heap before
{Heap before GC invocations=2 (full 0):
 garbage-first heap   total 131072K, used 10791K [0x0000000080000000, 0x0000000100000000)
  region size 1024K, 8 young (8192K), 1 survivors (1024K)
 Metaspace       used 15883K, committed 16128K, reserved 1064960K
  class space    used 1706K, committed 1792K, reserved 1048576K
}
Event: 1.616 GC heap after
{Heap after GC invocations=3 (full 0):
 garbage-first heap   total 131072K, used 5450K [0x0000000080000000, 0x0000000100000000)
  region size 1024K, 1 young (1024K), 1 survivors (1024K)
 Metaspace       used 15883K, committed 16128K, reserved 1064960K
  class space    used 1706K, committed 1792K, reserved 1048576K
}

Deoptimization events (0 events):
No events

Classes unloaded (0 events):
No events

Classes redefined (0 events):
No events

Internal exceptions (20 events):
Event: 2.055 Thread 0x0000018374814db0 Exception <a 'java/lang/NoSuchMethodError'{0x0000000087af1388}: 'java.lang.Object java.lang.invoke.DirectMethodHandle$Holder.invokeSpecial(java.lang.Object, java.lang.Object, java.lang.Object, java.lang.Object, java.lang.Object, java.lang.Object, int)'> (0x0000000087af1388) 
thrown [s\src\hotspot\share\interpreter\linkResolver.cpp, line 759]
Event: 2.056 Thread 0x0000018374814db0 Exception <a 'java/lang/NoSuchMethodError'{0x0000000087afb8e8}: 'java.lang.Object java.lang.invoke.DirectMethodHandle$Holder.newInvokeSpecial(java.lang.Object, java.lang.Object, java.lang.Object, java.lang.Object, java.lang.Object, java.lang.Object, int)'> (0x0000000087afb8e8) 
thrown [s\src\hotspot\share\interpreter\linkResolver.cpp, line 759]
Event: 2.057 Thread 0x0000018374814db0 Exception <a 'java/lang/NoSuchMethodError'{0x0000000087903b48}: 'java.lang.Object java.lang.invoke.DirectMethodHandle$Holder.invokeSpecial(java.lang.Object, java.lang.Object, java.lang.Object, java.lang.Object, java.lang.Object, java.lang.Object, java.lang.Object, int)'> (0x0000000087903b48) 
thrown [s\src\hotspot\share\interpreter\linkResolver.cpp, line 759]
Event: 2.232 Thread 0x0000018374814db0 Exception <a 'java/lang/NoSuchMethodError'{0x00000000878eea28}: 'java.lang.Object java.lang.invoke.DirectMethodHandle$Holder.invokeSpecial(java.lang.Object, java.lang.Object, java.lang.Object, int, java.lang.Object)'> (0x00000000878eea28) 
thrown [s\src\hotspot\share\interpreter\linkResolver.cpp, line 759]
Event: 2.232 Thread 0x0000018374814db0 Exception <a 'java/lang/NoSuchMethodError'{0x00000000878f6f98}: 'java.lang.Object java.lang.invoke.DirectMethodHandle$Holder.newInvokeSpecial(java.lang.Object, java.lang.Object, java.lang.Object, int, java.lang.Object)'> (0x00000000878f6f98) 
thrown [s\src\hotspot\share\interpreter\linkResolver.cpp, line 759]
Event: 2.235 Thread 0x0000018374814db0 Exception <a 'java/lang/NoSuchMethodError'{0x000000008760ccf8}: 'java.lang.Object java.lang.invoke.DirectMethodHandle$Holder.newInvokeSpecial(java.lang.Object, int, java.lang.Object)'> (0x000000008760ccf8) 
thrown [s\src\hotspot\share\interpreter\linkResolver.cpp, line 759]
Event: 2.235 Thread 0x0000018374814db0 Exception <a 'java/lang/NoSuchMethodError'{0x0000000087610cc8}: 'int java.lang.invoke.DirectMethodHandle$Holder.invokeSpecialIFC(java.lang.Object, java.lang.Object, java.lang.Object, java.lang.Object)'> (0x0000000087610cc8) 
thrown [s\src\hotspot\share\interpreter\linkResolver.cpp, line 759]
Event: 2.414 Thread 0x0000018374814db0 Exception <a 'java/lang/NoSuchMethodError'{0x00000000876cb008}: 'java.lang.Object java.lang.invoke.DirectMethodHandle$Holder.invokeInterface(java.lang.Object, java.lang.Object)'> (0x00000000876cb008) 
thrown [s\src\hotspot\share\interpreter\linkResolver.cpp, line 759]
Event: 2.421 Thread 0x0000018374814db0 Exception <a 'java/lang/NoSuchMethodError'{0x00000000876dc170}: 'void java.lang.invoke.DirectMethodHandle$Holder.invokeInterface(java.lang.Object, java.lang.Object, java.lang.Object)'> (0x00000000876dc170) 
thrown [s\src\hotspot\share\interpreter\linkResolver.cpp, line 759]
Event: 2.528 Thread 0x0000018374814db0 Exception <a 'java/lang/NoSuchMethodError'{0x00000000875463b0}: 'java.lang.Object java.lang.invoke.DirectMethodHandle$Holder.invokeVirtual(java.lang.Object, java.lang.Object, java.lang.Object)'> (0x00000000875463b0) 
thrown [s\src\hotspot\share\interpreter\linkResolver.cpp, line 759]
Event: 2.557 Thread 0x0000018374814db0 Exception <a 'java/lang/NoSuchMethodError'{0x00000000875da990}: 'void java.lang.invoke.DirectMethodHandle$Holder.invokeStatic(java.lang.Object, java.lang.Object, int)'> (0x00000000875da990) 
thrown [s\src\hotspot\share\interpreter\linkResolver.cpp, line 759]
Event: 2.559 Thread 0x0000018374814db0 Exception <a 'java/lang/NoSuchMethodError'{0x00000000875e2700}: 'void java.lang.invoke.DirectMethodHandle$Holder.invokeStaticInit(java.lang.Object, java.lang.Object)'> (0x00000000875e2700) 
thrown [s\src\hotspot\share\interpreter\linkResolver.cpp, line 759]
Event: 2.577 Thread 0x0000018374814db0 Exception <a 'java/lang/NoSuchMethodError'{0x00000000875eee78}: 'void java.lang.invoke.DirectMethodHandle$Holder.invokeStaticInit(java.lang.Object, java.lang.Object, java.lang.Object)'> (0x00000000875eee78) 
thrown [s\src\hotspot\share\interpreter\linkResolver.cpp, line 759]
Event: 2.656 Thread 0x0000018374814db0 Exception <a 'java/lang/NoSuchMethodError'{0x0000000087441778}: 'void java.lang.invoke.DirectMethodHandle$Holder.invokeVirtual(java.lang.Object, java.lang.Object, java.lang.Object, java.lang.Object)'> (0x0000000087441778) 
thrown [s\src\hotspot\share\interpreter\linkResolver.cpp, line 759]
Event: 2.755 Thread 0x0000018374814db0 Exception <a 'java/lang/NoSuchMethodError'{0x000000008736dd58}: 'void java.lang.invoke.DirectMethodHandle$Holder.invokeSpecial(java.lang.Object, java.lang.Object, java.lang.Object)'> (0x000000008736dd58) 
thrown [s\src\hotspot\share\interpreter\linkResolver.cpp, line 759]
Event: 2.756 Thread 0x0000018374814db0 Exception <a 'java/lang/NoSuchMethodError'{0x0000000087374330}: 'void java.lang.invoke.DirectMethodHandle$Holder.invokeSpecial(java.lang.Object, java.lang.Object, java.lang.Object, java.lang.Object, java.lang.Object)'> (0x0000000087374330) 
thrown [s\src\hotspot\share\interpreter\linkResolver.cpp, line 759]
Event: 2.830 Thread 0x0000018304fbf280 Exception <a 'java/lang/NoClassDefFoundError'{0x0000000087215e08}: javax/validation/Validation> (0x0000000087215e08) 
thrown [s\src\hotspot\share\classfile\systemDictionary.cpp, line 245]
Event: 2.885 Thread 0x0000018304fbf280 Exception <a 'java/lang/NoSuchMethodError'{0x00000000870a4be0}: 'java.lang.Object java.lang.invoke.DirectMethodHandle$Holder.invokeStaticInit(java.lang.Object, java.lang.Object, java.lang.Object)'> (0x00000000870a4be0) 
thrown [s\src\hotspot\share\interpreter\linkResolver.cpp, line 759]
Event: 2.887 Thread 0x0000018304fbf280 Exception <a 'java/lang/NoSuchMethodError'{0x00000000870aaad0}: 'java.lang.Object java.lang.invoke.DirectMethodHandle$Holder.invokeStaticInit(java.lang.Object, java.lang.Object, java.lang.Object, java.lang.Object, java.lang.Object)'> (0x00000000870aaad0) 
thrown [s\src\hotspot\share\interpreter\linkResolver.cpp, line 759]
Event: 2.948 Thread 0x0000018374814db0 Exception <a 'java/lang/NoSuchMethodError'{0x0000000086c8c510}: 'org.slf4j.impl.StaticMDCBinder org.slf4j.impl.StaticMDCBinder.getSingleton()'> (0x0000000086c8c510) 
thrown [s\src\hotspot\share\interpreter\linkResolver.cpp, line 759]

VM Operations (20 events):
Event: 0.810 Executing VM operation: HandshakeAllThreads
Event: 0.810 Executing VM operation: HandshakeAllThreads done
Event: 0.862 Executing VM operation: HandshakeAllThreads
Event: 0.862 Executing VM operation: HandshakeAllThreads done
Event: 1.313 Executing VM operation: G1CollectForAllocation
Event: 1.320 Executing VM operation: G1CollectForAllocation done
Event: 1.369 Executing VM operation: HandshakeAllThreads
Event: 1.370 Executing VM operation: HandshakeAllThreads done
Event: 1.406 Executing VM operation: HandshakeAllThreads
Event: 1.406 Executing VM operation: HandshakeAllThreads done
Event: 1.610 Executing VM operation: G1CollectForAllocation
Event: 1.616 Executing VM operation: G1CollectForAllocation done
Event: 1.620 Executing VM operation: HandshakeAllThreads
Event: 1.620 Executing VM operation: HandshakeAllThreads done
Event: 2.191 Executing VM operation: HandshakeAllThreads
Event: 2.192 Executing VM operation: HandshakeAllThreads done
Event: 2.839 Executing VM operation: HandshakeAllThreads
Event: 2.839 Executing VM operation: HandshakeAllThreads done
Event: 2.839 Executing VM operation: Cleanup
Event: 2.839 Executing VM operation: Cleanup done

Events (20 events):
Event: 2.907 loading class com/sun/org/apache/xalan/internal/utils/XMLSecurityPropertyManager$Property
Event: 2.907 loading class com/sun/org/apache/xalan/internal/utils/XMLSecurityPropertyManager$Property done
Event: 2.907 loading class jdk/xml/internal/XMLSecurityManager
Event: 2.907 loading class jdk/xml/internal/XMLSecurityManager done
Event: 2.907 loading class jdk/xml/internal/XMLSecurityManager$Limit
Event: 2.908 loading class jdk/xml/internal/XMLSecurityManager$Limit done
Event: 2.908 loading class jdk/xml/internal/XMLSecurityManager$Processor
Event: 2.908 loading class jdk/xml/internal/XMLSecurityManager$Processor done
Event: 2.908 loading class jdk/xml/internal/XMLSecurityManager$NameMap
Event: 2.908 loading class jdk/xml/internal/XMLSecurityManager$NameMap done
Event: 2.908 loading class jdk/xml/internal/JdkProperty
Event: 2.908 loading class jdk/xml/internal/JdkProperty done
Event: 2.949 loading class java/text/DontCareFieldPosition
Event: 2.949 loading class java/text/DontCareFieldPosition done
Event: 2.949 loading class java/text/DontCareFieldPosition$1
Event: 2.949 loading class java/text/Format$FieldDelegate
Event: 2.949 loading class java/text/Format$FieldDelegate done
Event: 2.949 loading class java/text/DontCareFieldPosition$1 done
Event: 2.949 loading class java/text/NumberFormat$Field
Event: 2.949 loading class java/text/NumberFormat$Field done


Dynamic libraries:
0x00007ff66ac10000 - 0x00007ff66ac1e000 	C:\Users\sfjbs\Downloads\node-20220822T142556Z-001\node\sts-4.15.3.RELEASE\plugins\org.eclipse.justj.openjdk.hotspot.jre.full.win32.x86_64_17.0.4.v20220805-1047\jre\bin\javaw.exe
0x00007ffd64850000 - 0x00007ffd64a48000 	C:\Windows\SYSTEM32\ntdll.dll
0x00007ffd62a40000 - 0x00007ffd62afd000 	C:\Windows\System32\KERNEL32.DLL
0x00007ffd621d0000 - 0x00007ffd6249e000 	C:\Windows\System32\KERNELBASE.dll
0x00007ffd624a0000 - 0x00007ffd625a0000 	C:\Windows\System32\ucrtbase.dll
0x00007ffd454c0000 - 0x00007ffd454d8000 	C:\Users\sfjbs\Downloads\node-20220822T142556Z-001\node\sts-4.15.3.RELEASE\plugins\org.eclipse.justj.openjdk.hotspot.jre.full.win32.x86_64_17.0.4.v20220805-1047\jre\bin\jli.dll
0x00007ffd64640000 - 0x00007ffd647e0000 	C:\Windows\System32\USER32.dll
0x00007ffd62010000 - 0x00007ffd62032000 	C:\Windows\System32\win32u.dll
0x00007ffd647e0000 - 0x00007ffd6480a000 	C:\Windows\System32\GDI32.dll
0x00007ffd625a0000 - 0x00007ffd626ab000 	C:\Windows\System32\gdi32full.dll
0x00007ffd61f70000 - 0x00007ffd6200d000 	C:\Windows\System32\msvcp_win.dll
0x00007ffd45490000 - 0x00007ffd454a9000 	C:\Users\sfjbs\Downloads\node-20220822T142556Z-001\node\sts-4.15.3.RELEASE\plugins\org.eclipse.justj.openjdk.hotspot.jre.full.win32.x86_64_17.0.4.v20220805-1047\jre\bin\VCRUNTIME140.dll
0x00007ffd4c8d0000 - 0x00007ffd4cb6a000 	C:\Windows\WinSxS\amd64_microsoft.windows.common-controls_6595b64144ccf1df_6.0.19041.1110_none_60b5254171f9507e\COMCTL32.dll
0x00007ffd64470000 - 0x00007ffd6450e000 	C:\Windows\System32\msvcrt.dll
0x00007ffd64010000 - 0x00007ffd64040000 	C:\Windows\System32\IMM32.DLL
0x00007ffd4cfd0000 - 0x00007ffd4cfdc000 	C:\Users\sfjbs\Downloads\node-20220822T142556Z-001\node\sts-4.15.3.RELEASE\plugins\org.eclipse.justj.openjdk.hotspot.jre.full.win32.x86_64_17.0.4.v20220805-1047\jre\bin\vcruntime140_1.dll
0x00007ffd2d330000 - 0x00007ffd2d3c1000 	C:\Users\sfjbs\Downloads\node-20220822T142556Z-001\node\sts-4.15.3.RELEASE\plugins\org.eclipse.justj.openjdk.hotspot.jre.full.win32.x86_64_17.0.4.v20220805-1047\jre\bin\msvcp140.dll
0x00007ffcf61b0000 - 0x00007ffcf6df6000 	C:\Users\sfjbs\Downloads\node-20220822T142556Z-001\node\sts-4.15.3.RELEASE\plugins\org.eclipse.justj.openjdk.hotspot.jre.full.win32.x86_64_17.0.4.v20220805-1047\jre\bin\server\jvm.dll
0x00007ffd64590000 - 0x00007ffd6463e000 	C:\Windows\System32\ADVAPI32.dll
0x00007ffd63340000 - 0x00007ffd633dc000 	C:\Windows\System32\sechost.dll
0x00007ffd62910000 - 0x00007ffd62a35000 	C:\Windows\System32\RPCRT4.dll
0x00007ffd64330000 - 0x00007ffd64338000 	C:\Windows\System32\PSAPI.DLL
0x00007ffd4e590000 - 0x00007ffd4e599000 	C:\Windows\SYSTEM32\WSOCK32.dll
0x00007ffd633e0000 - 0x00007ffd6344b000 	C:\Windows\System32\WS2_32.dll
0x00007ffd58d60000 - 0x00007ffd58d87000 	C:\Windows\SYSTEM32\WINMM.dll
0x00007ffd59e20000 - 0x00007ffd59e2a000 	C:\Windows\SYSTEM32\VERSION.dll
0x00007ffd5fe40000 - 0x00007ffd5fe52000 	C:\Windows\SYSTEM32\kernel.appcore.dll
0x00007ffd4b2c0000 - 0x00007ffd4b2ca000 	C:\Users\sfjbs\Downloads\node-20220822T142556Z-001\node\sts-4.15.3.RELEASE\plugins\org.eclipse.justj.openjdk.hotspot.jre.full.win32.x86_64_17.0.4.v20220805-1047\jre\bin\jimage.dll
0x00007ffd58e00000 - 0x00007ffd58fe4000 	C:\Windows\SYSTEM32\DBGHELP.DLL
0x00007ffd58c60000 - 0x00007ffd58c8c000 	C:\Windows\SYSTEM32\dbgcore.DLL
0x00007ffd626b0000 - 0x00007ffd62732000 	C:\Windows\System32\bcryptPrimitives.dll
0x00007ffd41730000 - 0x00007ffd41755000 	C:\Users\sfjbs\Downloads\node-20220822T142556Z-001\node\sts-4.15.3.RELEASE\plugins\org.eclipse.justj.openjdk.hotspot.jre.full.win32.x86_64_17.0.4.v20220805-1047\jre\bin\java.dll
0x00007ffd4ade0000 - 0x00007ffd4adf8000 	C:\Users\sfjbs\Downloads\node-20220822T142556Z-001\node\sts-4.15.3.RELEASE\plugins\org.eclipse.justj.openjdk.hotspot.jre.full.win32.x86_64_17.0.4.v20220805-1047\jre\bin\zip.dll
0x00007ffd63500000 - 0x00007ffd63c43000 	C:\Windows\System32\SHELL32.dll
0x00007ffd60040000 - 0x00007ffd607d5000 	C:\Windows\SYSTEM32\windows.storage.dll
0x00007ffd63c50000 - 0x00007ffd63fa4000 	C:\Windows\System32\combase.dll
0x00007ffd61820000 - 0x00007ffd61850000 	C:\Windows\SYSTEM32\Wldp.dll
0x00007ffd62b00000 - 0x00007ffd62bad000 	C:\Windows\System32\SHCORE.dll
0x00007ffd64510000 - 0x00007ffd64565000 	C:\Windows\System32\shlwapi.dll
0x00007ffd61eb0000 - 0x00007ffd61ecf000 	C:\Windows\SYSTEM32\profapi.dll
0x00007ffd44fb0000 - 0x00007ffd44fc9000 	C:\Users\sfjbs\Downloads\node-20220822T142556Z-001\node\sts-4.15.3.RELEASE\plugins\org.eclipse.justj.openjdk.hotspot.jre.full.win32.x86_64_17.0.4.v20220805-1047\jre\bin\net.dll
0x00007ffd59530000 - 0x00007ffd5963a000 	C:\Windows\SYSTEM32\WINHTTP.dll
0x00007ffd61600000 - 0x00007ffd6166a000 	C:\Windows\system32\mswsock.dll
0x00007ffd44400000 - 0x00007ffd44415000 	C:\Users\sfjbs\Downloads\node-20220822T142556Z-001\node\sts-4.15.3.RELEASE\plugins\org.eclipse.justj.openjdk.hotspot.jre.full.win32.x86_64_17.0.4.v20220805-1047\jre\bin\nio.dll
0x00007ffd4ae80000 - 0x00007ffd4ae89000 	C:\Users\sfjbs\Downloads\node-20220822T142556Z-001\node\sts-4.15.3.RELEASE\plugins\org.eclipse.justj.openjdk.hotspot.jre.full.win32.x86_64_17.0.4.v20220805-1047\jre\bin\management.dll
0x00007ffd4adb0000 - 0x00007ffd4adbb000 	C:\Users\sfjbs\Downloads\node-20220822T142556Z-001\node\sts-4.15.3.RELEASE\plugins\org.eclipse.justj.openjdk.hotspot.jre.full.win32.x86_64_17.0.4.v20220805-1047\jre\bin\management_ext.dll
0x00007ffd4f5c0000 - 0x00007ffd4f5d7000 	C:\Windows\system32\napinsp.dll
0x00007ffd4f5a0000 - 0x00007ffd4f5bb000 	C:\Windows\system32\pnrpnsp.dll
0x00007ffd4f580000 - 0x00007ffd4f595000 	C:\Windows\system32\wshbth.dll
0x00007ffd5d920000 - 0x00007ffd5d93d000 	C:\Windows\system32\NLAapi.dll
0x00007ffd61310000 - 0x00007ffd6134b000 	C:\Windows\SYSTEM32\IPHLPAPI.DLL
0x00007ffd61350000 - 0x00007ffd6141a000 	C:\Windows\SYSTEM32\DNSAPI.dll
0x00007ffd641f0000 - 0x00007ffd641f8000 	C:\Windows\System32\NSI.dll
0x00007ffd4f560000 - 0x00007ffd4f572000 	C:\Windows\System32\winrnr.dll
0x00007ffd59300000 - 0x00007ffd5930a000 	C:\Windows\System32\rasadhlp.dll
0x00007ffd59740000 - 0x00007ffd597c0000 	C:\Windows\System32\fwpuclnt.dll
0x00007ffd62040000 - 0x00007ffd62067000 	C:\Windows\System32\bcrypt.dll
0x00007ffd61860000 - 0x00007ffd61878000 	C:\Windows\SYSTEM32\CRYPTSP.dll
0x00007ffd60fa0000 - 0x00007ffd60fd4000 	C:\Windows\system32\rsaenh.dll
0x00007ffd61e70000 - 0x00007ffd61e9e000 	C:\Windows\SYSTEM32\USERENV.dll
0x00007ffd61790000 - 0x00007ffd6179c000 	C:\Windows\SYSTEM32\CRYPTBASE.dll
0x00007ffd5a3c0000 - 0x00007ffd5a3d7000 	C:\Windows\SYSTEM32\dhcpcsvc6.DLL
0x00007ffd5a330000 - 0x00007ffd5a34d000 	C:\Windows\SYSTEM32\dhcpcsvc.DLL
0x00007ffd4b240000 - 0x00007ffd4b250000 	C:\Users\sfjbs\Downloads\node-20220822T142556Z-001\node\sts-4.15.3.RELEASE\plugins\org.eclipse.justj.openjdk.hotspot.jre.full.win32.x86_64_17.0.4.v20220805-1047\jre\bin\verify.dll

dbghelp: loaded successfully - version: 4.0.5 - missing functions: none
symbol engine: initialized successfully - sym options: 0x614 - pdb path: .;C:\Users\sfjbs\Downloads\node-20220822T142556Z-001\node\sts-4.15.3.RELEASE\plugins\org.eclipse.justj.openjdk.hotspot.jre.full.win32.x86_64_17.0.4.v20220805-1047\jre\bin;C:\Windows\SYSTEM32;C:\Windows\WinSxS\amd64_microsoft.windows.common-controls_6595b64144ccf1df_6.0.19041.1110_none_60b5254171f9507e;C:\Users\sfjbs\Downloads\node-20220822T142556Z-001\node\sts-4.15.3.RELEASE\plugins\org.eclipse.justj.openjdk.hotspot.jre.full.win32.x86_64_17.0.4.v20220805-1047\jre\bin\server

VM Arguments:
jvm_args: -Dcom.sun.management.jmxremote -Dcom.sun.management.jmxremote.port=55566 -Dcom.sun.management.jmxremote.authenticate=false -Dcom.sun.management.jmxremote.ssl=false -Djava.rmi.server.hostname=localhost -Dspring.jmx.enabled=true -Dspring.application.admin.enabled=true -XX:TieredStopAtLevel=1 -Dspring.boot.project.name=rabbitmq-demo -Dfile.encoding=UTF-8 -XX:+ShowCodeDetailsInExceptionMessages 
java_command: com.rabbit.RabbitmqDemoApplication --spring.output.ansi.enabled=always
java_class_path (initial): C:\Users\sfjbs\Documents\Sprint Boot App\rabbitmq-demo\target\classes;C:\Users\sfjbs\.m2\repository\org\springframework\boot\spring-boot-starter-amqp\2.7.4\spring-boot-starter-amqp-2.7.4.jar;C:\Users\sfjbs\.m2\repository\org\springframework\boot\spring-boot-starter\2.7.4\spring-boot-starter-2.7.4.jar;C:\Users\sfjbs\.m2\repository\org\springframework\boot\spring-boot\2.7.4\spring-boot-2.7.4.jar;C:\Users\sfjbs\.m2\repository\org\springframework\boot\spring-boot-autoconfigure\2.7.4\spring-boot-autoconfigure-2.7.4.jar;C:\Users\sfjbs\.m2\repository\org\springframework\boot\spring-boot-starter-logging\2.7.4\spring-boot-starter-logging-2.7.4.jar;C:\Users\sfjbs\.m2\repository\ch\qos\logback\logback-classic\1.2.11\logback-classic-1.2.11.jar;C:\Users\sfjbs\.m2\repository\ch\qos\logback\logback-core\1.2.11\logback-core-1.2.11.jar;C:\Users\sfjbs\.m2\repository\org\apache\logging\log4j\log4j-to-slf4j\2.17.2\log4j-to-slf4j-2.17.2.jar;C:\Users\sfjbs\.m2\repository\org\apache\logging\log4j\log4j-api\2.17.2\log4j-api-2.17.2.jar;C:\Users\sfjbs\.m2\repository\org\slf4j\jul-to-slf4j\1.7.36\jul-to-slf4j-1.7.36.jar;C:\Users\sfjbs\.m2\repository\jakarta\annotation\jakarta.annotation-api\1.3.5\jakarta.annotation-api-1.3.5.jar;C:\Users\sfjbs\.m2\repository\org\yaml\snakeyaml\1.30\snakeyaml-1.30.jar;C:\Users\sfjbs\.m2\repository\org\springframework\spring-messaging\5.3.23\spring-messaging-5.3.23.jar;C:\Users\sfjbs\.m2\repository\org\springframework\spring-beans\5.3.23\spring-beans-5.3.23.jar;C:\Users\sfjbs\.m2\repository\org\springframework\amqp\spring-rabbit\2.4.7\spring-rabbit-2.4.7.jar;C:\Users\sfjbs\.m2\repository\org\springframework\amqp\spring-amqp\2.4.7\spring-amqp-2.4.7.jar;C:\Users\sfjbs\.m2\repository\org\springframework\retry\spring-retry\1.3.3\spring-retry-1.3.3.jar;C:\Users\sfjbs\.m2\repository\com\rabbitmq\amqp-client\5.14.2\amqp-client-5.14.2.jar;C:\Users\sfjbs\.m2\repository\org\springframework\spring-context\5.3.23\spring-context-5.3.23.jar;C:\Us
Launcher Type: SUN_STANDARD

[Global flags]
     intx CICompilerCount                          = 2                                         {product} {ergonomic}
     uint ConcGCThreads                            = 1                                         {product} {ergonomic}
     uint G1ConcRefinementThreads                  = 2                                         {product} {ergonomic}
   size_t G1HeapRegionSize                         = 1048576                                   {product} {ergonomic}
    uintx GCDrainStackTargetSize                   = 64                                        {product} {ergonomic}
   size_t InitialHeapSize                          = 134217728                                 {product} {ergonomic}
     bool ManagementServer                         = true                                      {product} {command line}
   size_t MarkStackSize                            = 4194304                                   {product} {ergonomic}
   size_t MaxHeapSize                              = 2147483648                                {product} {ergonomic}
   size_t MaxNewSize                               = 1287651328                                {product} {ergonomic}
   size_t MinHeapDeltaBytes                        = 1048576                                   {product} {ergonomic}
   size_t MinHeapSize                              = 8388608                                   {product} {ergonomic}
    uintx NonProfiledCodeHeapSize                  = 0                                      {pd product} {ergonomic}
     bool ProfileInterpreter                       = false                                  {pd product} {command line}
    uintx ProfiledCodeHeapSize                     = 0                                      {pd product} {ergonomic}
     bool ShowCodeDetailsInExceptionMessages       = true                                   {manageable} {command line}
   size_t SoftMaxHeapSize                          = 2147483648                             {manageable} {ergonomic}
     intx TieredStopAtLevel                        = 1                                         {product} {command line}
     bool UseCompressedClassPointers               = true                           {product lp64_product} {ergonomic}
     bool UseCompressedOops                        = true                           {product lp64_product} {ergonomic}
     bool UseG1GC                                  = true                                      {product} {ergonomic}
     bool UseLargePagesIndividualAllocation        = false                                  {pd product} {ergonomic}

Logging:
Log output configuration:
 #0: stdout all=warning uptime,level,tags
 #1: stderr all=off uptime,level,tags

Environment Variables:
PATH=C:/Users/sfjbs/Downloads/node-20220822T142556Z-001/node/sts-4.15.3.RELEASE//plugins/org.eclipse.justj.openjdk.hotspot.jre.full.win32.x86_64_17.0.4.v20220805-1047/jre/bin/server;C:/Users/sfjbs/Downloads/node-20220822T142556Z-001/node/sts-4.15.3.RELEASE//plugins/org.eclipse.justj.openjdk.hotspot.jre.full.win32.x86_64_17.0.4.v20220805-1047/jre/bin;C:\Python310\Scripts\;C:\Python310\;C:\Program Files\Common Files\Oracle\Java\javapath;C:\Windows\system32;C:\Windows;C:\Windows\System32\Wbem;C:\Windows\System32\WindowsPowerShell\v1.0\;C:\Windows\System32\OpenSSH\;C:\Program Files\Docker\Docker\resources\bin;C:\ProgramData\DockerDesktop\version-bin;C:\Program Files\nodejs\;C:\ProgramData\chocolatey\bin;C:\Program Files\Git\cmd;C:\Users\sfjbs\AppData\Local\Microsoft\WindowsApps;C:\Users\sfjbs\AppData\Roaming\npm;C:\Users\sfjbs\AppData\Local\Programs\Microsoft VS Code\bin;C:\Program Files\MongoDB\Server\5.0\bin;;C:\Users\sfjbs\Downloads\node-20220822T142556Z-001\node\sts-4.15.3.RELEASE;
USERNAME=sfjbs
OS=Windows_NT
PROCESSOR_IDENTIFIER=Intel64 Family 6 Model 85 Stepping 7, GenuineIntel
TMP=C:\Users\sfjbs\AppData\Local\Temp
TEMP=C:\Users\sfjbs\AppData\Local\Temp



---------------  S Y S T E M  ---------------

OS:
 Windows 10 , 64 bit Build 19041 (10.0.19041.1889)
OS uptime: 14 days 12:57 hours
Hyper-V role detected

CPU: total 2 (initial active 2) (1 cores per cpu, 2 threads per core) family 6 model 85 stepping 7 microcode 0xffffffff, cx8, cmov, fxsr, ht, mmx, 3dnowpref, sse, sse2, sse3, ssse3, sse4.1, sse4.2, popcnt, lzcnt, tsc, avx, avx2, aes, erms, clmul, bmi1, bmi2, rtm, adx, avx512f, avx512dq, avx512cd, avx512bw, avx512vl, fma, vzeroupper, clflush, clflushopt, hv

Memory: 4k page, system-wide physical 8190M (2529M free)
TotalPageFile size 10238M (AvailPageFile size 170M)
current process WorkingSet (physical memory assigned to process): 89M, peak: 89M
current process commit charge ("private bytes"): 216M, peak: 216M

vm_info: OpenJDK 64-Bit Server VM (17.0.4+8) for windows-amd64 JRE (17.0.4+8), built on Jul 19 2022 16:05:16 by "temurin" with MS VC++ 16.7 (VS2019)

END.
